2020-10-24 01:39:52,726 [main] INFO  [o.s.b.t.context.SpringBootTestContextBootstrapper] AbstractTestContextBootstrapper.java:308 - Neither @ContextConfiguration nor @ContextHierarchy found for test class [com.mimosa.deeppokemon.LadderBattleCrawlerTest], using SpringBootContextLoader
2020-10-24 01:39:52,747 [main] INFO  [o.s.test.context.support.AbstractContextLoader] AbstractContextLoader.java:264 - Could not detect default resource locations for test class [com.mimosa.deeppokemon.LadderBattleCrawlerTest]: no resource found for suffixes {-context.xml, Context.groovy}.
2020-10-24 01:39:52,750 [main] INFO  [o.s.t.c.support.AnnotationConfigContextLoaderUtils] AnnotationConfigContextLoaderUtils.java:83 - Could not detect default configuration classes for test class [com.mimosa.deeppokemon.LadderBattleCrawlerTest]: LadderBattleCrawlerTest does not declare any static, non-private, non-final, nested classes annotated with @Configuration.
2020-10-24 01:39:53,027 [main] INFO  [o.s.b.t.context.SpringBootTestContextBootstrapper] SpringBootTestContextBootstrapper.java:235 - Found @SpringBootConfiguration com.mimosa.deeppokemon.PokemoCrawlerApplication for test class com.mimosa.deeppokemon.LadderBattleCrawlerTest
2020-10-24 01:39:53,258 [main] INFO  [o.s.b.t.context.SpringBootTestContextBootstrapper] AbstractTestContextBootstrapper.java:248 - Loaded default TestExecutionListener class names from location [META-INF/spring.factories]: [org.springframework.boot.test.mock.mockito.MockitoTestExecutionListener, org.springframework.boot.test.mock.mockito.ResetMocksTestExecutionListener, org.springframework.boot.test.autoconfigure.restdocs.RestDocsTestExecutionListener, org.springframework.boot.test.autoconfigure.web.client.MockRestServiceServerResetTestExecutionListener, org.springframework.boot.test.autoconfigure.web.servlet.MockMvcPrintOnlyOnFailureTestExecutionListener, org.springframework.boot.test.autoconfigure.web.servlet.WebDriverTestExecutionListener, org.springframework.test.context.web.ServletTestExecutionListener, org.springframework.test.context.support.DirtiesContextBeforeModesTestExecutionListener, org.springframework.test.context.support.DependencyInjectionTestExecutionListener, org.springframework.test.context.support.DirtiesContextTestExecutionListener, org.springframework.test.context.transaction.TransactionalTestExecutionListener, org.springframework.test.context.jdbc.SqlScriptsTestExecutionListener, org.springframework.test.context.event.EventPublishingTestExecutionListener]
2020-10-24 01:39:53,299 [main] INFO  [o.s.b.t.context.SpringBootTestContextBootstrapper] AbstractTestContextBootstrapper.java:177 - Using TestExecutionListeners: [org.springframework.test.context.web.ServletTestExecutionListener@15ce81c, org.springframework.test.context.support.DirtiesContextBeforeModesTestExecutionListener@1647f75, org.springframework.boot.test.mock.mockito.MockitoTestExecutionListener@115d2d7, org.springframework.boot.test.autoconfigure.SpringBootDependencyInjectionTestExecutionListener@16e7bab, org.springframework.test.context.support.DirtiesContextTestExecutionListener@1a07e12, org.springframework.test.context.transaction.TransactionalTestExecutionListener@1b53d44, org.springframework.test.context.jdbc.SqlScriptsTestExecutionListener@2bce4f, org.springframework.test.context.event.EventPublishingTestExecutionListener@6647c2, org.springframework.boot.test.mock.mockito.ResetMocksTestExecutionListener@6afff2, org.springframework.boot.test.autoconfigure.restdocs.RestDocsTestExecutionListener@49b0e6, org.springframework.boot.test.autoconfigure.web.client.MockRestServiceServerResetTestExecutionListener@865dd6, org.springframework.boot.test.autoconfigure.web.servlet.MockMvcPrintOnlyOnFailureTestExecutionListener@da4253, org.springframework.boot.test.autoconfigure.web.servlet.WebDriverTestExecutionListener@172a855]
2020-10-24 01:39:54,466 [main] WARN  [o.s.b.t.j.DuplicateJsonObjectContextCustomizerFactory$DuplicateJsonObjectContextCustomizer] DuplicateJsonObjectContextCustomizerFactory.java:78 - 

Found multiple occurrences of org.json.JSONObject on the class path:

	jar:file:/E:/.m2/repository/com/vaadin/external/google/android-json/0.0.20131108.vaadin1/android-json-0.0.20131108.vaadin1.jar!/org/json/JSONObject.class
	jar:file:/E:/.m2/repository/org/json/json/20160810/json-20160810.jar!/org/json/JSONObject.class

You may wish to exclude one of them to ensure predictable runtime behavior

2020-10-24 01:39:54,604 [main] INFO  [com.mimosa.deeppokemon.LadderBattleCrawlerTest] StartupInfoLogger.java:55 - Starting LadderBattleCrawlerTest on Yao-PC with PID 5268 (started by Yao in E:\java\study\deep-pokemon\pokemon-crawler)
2020-10-24 01:39:54,606 [main] INFO  [com.mimosa.deeppokemon.LadderBattleCrawlerTest] SpringApplication.java:651 - No active profile set, falling back to default profiles: default
2020-10-24 01:39:57,656 [main] INFO  [o.s.d.r.config.RepositoryConfigurationDelegate] RepositoryConfigurationDelegate.java:127 - Bootstrapping Spring Data MongoDB repositories in DEFAULT mode.
2020-10-24 01:39:57,744 [main] INFO  [o.s.d.r.config.RepositoryConfigurationDelegate] RepositoryConfigurationDelegate.java:187 - Finished Spring Data repository scanning in 57ms. Found 0 MongoDB repository interfaces.
2020-10-24 01:40:01,291 [main] INFO  [org.mongodb.driver.cluster] SLF4JLogger.java:71 - Cluster created with settings {hosts=[localhost:27017], mode=MULTIPLE, requiredClusterType=UNKNOWN, serverSelectionTimeout='30000 ms', maxWaitQueueSize=500}
2020-10-24 01:40:01,292 [main] INFO  [org.mongodb.driver.cluster] SLF4JLogger.java:71 - Adding discovered server localhost:27017 to client view of cluster
2020-10-24 01:40:01,578 [cluster-ClusterId{value='5f931571451a0f750a860a7e', description='null'}-localhost:27017] INFO  [org.mongodb.driver.connection] SLF4JLogger.java:71 - Opened connection [connectionId{localValue:1, serverValue:1}] to localhost:27017
2020-10-24 01:40:01,634 [cluster-ClusterId{value='5f931571451a0f750a860a7e', description='null'}-localhost:27017] INFO  [org.mongodb.driver.cluster] SLF4JLogger.java:71 - Monitor thread successfully connected to server with description ServerDescription{address=localhost:27017, type=STANDALONE, state=CONNECTED, ok=true, version=ServerVersion{versionList=[4, 2, 5]}, minWireVersion=0, maxWireVersion=8, maxDocumentSize=16777216, logicalSessionTimeoutMinutes=30, roundTripTimeNanos=53564090}
2020-10-24 01:40:01,650 [cluster-ClusterId{value='5f931571451a0f750a860a7e', description='null'}-localhost:27017] INFO  [org.mongodb.driver.cluster] SLF4JLogger.java:71 - Discovered cluster type of STANDALONE
2020-10-24 01:40:04,726 [main] INFO  [o.s.scheduling.concurrent.ThreadPoolTaskExecutor] ExecutorConfigurationSupport.java:181 - Initializing ExecutorService 'applicationTaskExecutor'
2020-10-24 01:40:05,503 [main] INFO  [o.s.scheduling.concurrent.ThreadPoolTaskScheduler] ExecutorConfigurationSupport.java:181 - Initializing ExecutorService 'taskScheduler'
2020-10-24 01:40:05,611 [main] INFO  [com.mimosa.deeppokemon.LadderBattleCrawlerTest] StartupInfoLogger.java:61 - Started LadderBattleCrawlerTest in 12.204 seconds (JVM running for 14.251)
2020-10-24 01:40:06,366 [main] INFO  [com.mimosa.deeppokemon.LadderBattleCrawlerTest] LadderBattleCrawlerTest.java:87 - craw start: format:gen8ou pageLimit:1 rankLimit:200 eloLimit:1600 gxeLimit:60.000000 dateLimit:2020-09-24
2020-10-24 01:40:09,833 [main] INFO  [com.mimosa.deeppokemon.service.PlayerService] PlayerService.java:30 - save players:Guccisaurus
2020-10-24 01:40:10,441 [main] INFO  [org.mongodb.driver.connection] SLF4JLogger.java:71 - Opened connection [connectionId{localValue:2, serverValue:2}] to localhost:27017
2020-10-24 01:41:51,343 [main] INFO  [o.s.b.t.context.SpringBootTestContextBootstrapper] AbstractTestContextBootstrapper.java:308 - Neither @ContextConfiguration nor @ContextHierarchy found for test class [com.mimosa.deeppokemon.LadderBattleCrawlerTest], using SpringBootContextLoader
2020-10-24 01:41:51,366 [main] INFO  [o.s.test.context.support.AbstractContextLoader] AbstractContextLoader.java:264 - Could not detect default resource locations for test class [com.mimosa.deeppokemon.LadderBattleCrawlerTest]: no resource found for suffixes {-context.xml, Context.groovy}.
2020-10-24 01:41:51,378 [main] INFO  [o.s.t.c.support.AnnotationConfigContextLoaderUtils] AnnotationConfigContextLoaderUtils.java:83 - Could not detect default configuration classes for test class [com.mimosa.deeppokemon.LadderBattleCrawlerTest]: LadderBattleCrawlerTest does not declare any static, non-private, non-final, nested classes annotated with @Configuration.
2020-10-24 01:41:51,895 [main] INFO  [o.s.b.t.context.SpringBootTestContextBootstrapper] SpringBootTestContextBootstrapper.java:235 - Found @SpringBootConfiguration com.mimosa.deeppokemon.PokemoCrawlerApplication for test class com.mimosa.deeppokemon.LadderBattleCrawlerTest
2020-10-24 01:41:52,152 [main] INFO  [o.s.b.t.context.SpringBootTestContextBootstrapper] AbstractTestContextBootstrapper.java:248 - Loaded default TestExecutionListener class names from location [META-INF/spring.factories]: [org.springframework.boot.test.mock.mockito.MockitoTestExecutionListener, org.springframework.boot.test.mock.mockito.ResetMocksTestExecutionListener, org.springframework.boot.test.autoconfigure.restdocs.RestDocsTestExecutionListener, org.springframework.boot.test.autoconfigure.web.client.MockRestServiceServerResetTestExecutionListener, org.springframework.boot.test.autoconfigure.web.servlet.MockMvcPrintOnlyOnFailureTestExecutionListener, org.springframework.boot.test.autoconfigure.web.servlet.WebDriverTestExecutionListener, org.springframework.test.context.web.ServletTestExecutionListener, org.springframework.test.context.support.DirtiesContextBeforeModesTestExecutionListener, org.springframework.test.context.support.DependencyInjectionTestExecutionListener, org.springframework.test.context.support.DirtiesContextTestExecutionListener, org.springframework.test.context.transaction.TransactionalTestExecutionListener, org.springframework.test.context.jdbc.SqlScriptsTestExecutionListener, org.springframework.test.context.event.EventPublishingTestExecutionListener]
2020-10-24 01:41:52,190 [main] INFO  [o.s.b.t.context.SpringBootTestContextBootstrapper] AbstractTestContextBootstrapper.java:177 - Using TestExecutionListeners: [org.springframework.test.context.web.ServletTestExecutionListener@15ce81c, org.springframework.test.context.support.DirtiesContextBeforeModesTestExecutionListener@1647f75, org.springframework.boot.test.mock.mockito.MockitoTestExecutionListener@115d2d7, org.springframework.boot.test.autoconfigure.SpringBootDependencyInjectionTestExecutionListener@16e7bab, org.springframework.test.context.support.DirtiesContextTestExecutionListener@1a07e12, org.springframework.test.context.transaction.TransactionalTestExecutionListener@1b53d44, org.springframework.test.context.jdbc.SqlScriptsTestExecutionListener@2bce4f, org.springframework.test.context.event.EventPublishingTestExecutionListener@6647c2, org.springframework.boot.test.mock.mockito.ResetMocksTestExecutionListener@6afff2, org.springframework.boot.test.autoconfigure.restdocs.RestDocsTestExecutionListener@49b0e6, org.springframework.boot.test.autoconfigure.web.client.MockRestServiceServerResetTestExecutionListener@865dd6, org.springframework.boot.test.autoconfigure.web.servlet.MockMvcPrintOnlyOnFailureTestExecutionListener@da4253, org.springframework.boot.test.autoconfigure.web.servlet.WebDriverTestExecutionListener@172a855]
2020-10-24 01:41:52,998 [main] WARN  [o.s.b.t.j.DuplicateJsonObjectContextCustomizerFactory$DuplicateJsonObjectContextCustomizer] DuplicateJsonObjectContextCustomizerFactory.java:78 - 

Found multiple occurrences of org.json.JSONObject on the class path:

	jar:file:/E:/.m2/repository/com/vaadin/external/google/android-json/0.0.20131108.vaadin1/android-json-0.0.20131108.vaadin1.jar!/org/json/JSONObject.class
	jar:file:/E:/.m2/repository/org/json/json/20160810/json-20160810.jar!/org/json/JSONObject.class

You may wish to exclude one of them to ensure predictable runtime behavior

2020-10-24 01:41:53,038 [main] INFO  [com.mimosa.deeppokemon.LadderBattleCrawlerTest] StartupInfoLogger.java:55 - Starting LadderBattleCrawlerTest on Yao-PC with PID 5796 (started by Yao in E:\java\study\deep-pokemon\pokemon-crawler)
2020-10-24 01:41:53,041 [main] INFO  [com.mimosa.deeppokemon.LadderBattleCrawlerTest] SpringApplication.java:651 - No active profile set, falling back to default profiles: default
2020-10-24 01:41:54,006 [main] INFO  [o.s.d.r.config.RepositoryConfigurationDelegate] RepositoryConfigurationDelegate.java:127 - Bootstrapping Spring Data MongoDB repositories in DEFAULT mode.
2020-10-24 01:41:54,052 [main] INFO  [o.s.d.r.config.RepositoryConfigurationDelegate] RepositoryConfigurationDelegate.java:187 - Finished Spring Data repository scanning in 35ms. Found 0 MongoDB repository interfaces.
2020-10-24 01:41:56,102 [main] INFO  [org.mongodb.driver.cluster] SLF4JLogger.java:71 - Cluster created with settings {hosts=[localhost:27017], mode=MULTIPLE, requiredClusterType=UNKNOWN, serverSelectionTimeout='30000 ms', maxWaitQueueSize=500}
2020-10-24 01:41:56,103 [main] INFO  [org.mongodb.driver.cluster] SLF4JLogger.java:71 - Adding discovered server localhost:27017 to client view of cluster
2020-10-24 01:41:56,236 [cluster-ClusterId{value='5f9315e4f8a37b65d57f3acd', description='null'}-localhost:27017] INFO  [org.mongodb.driver.connection] SLF4JLogger.java:71 - Opened connection [connectionId{localValue:1, serverValue:3}] to localhost:27017
2020-10-24 01:41:56,254 [cluster-ClusterId{value='5f9315e4f8a37b65d57f3acd', description='null'}-localhost:27017] INFO  [org.mongodb.driver.cluster] SLF4JLogger.java:71 - Monitor thread successfully connected to server with description ServerDescription{address=localhost:27017, type=STANDALONE, state=CONNECTED, ok=true, version=ServerVersion{versionList=[4, 2, 5]}, minWireVersion=0, maxWireVersion=8, maxDocumentSize=16777216, logicalSessionTimeoutMinutes=30, roundTripTimeNanos=12753036}
2020-10-24 01:41:56,257 [cluster-ClusterId{value='5f9315e4f8a37b65d57f3acd', description='null'}-localhost:27017] INFO  [org.mongodb.driver.cluster] SLF4JLogger.java:71 - Discovered cluster type of STANDALONE
2020-10-24 01:41:57,949 [main] INFO  [o.s.scheduling.concurrent.ThreadPoolTaskExecutor] ExecutorConfigurationSupport.java:181 - Initializing ExecutorService 'applicationTaskExecutor'
2020-10-24 01:41:58,484 [main] INFO  [o.s.scheduling.concurrent.ThreadPoolTaskScheduler] ExecutorConfigurationSupport.java:181 - Initializing ExecutorService 'taskScheduler'
2020-10-24 01:41:58,575 [main] INFO  [com.mimosa.deeppokemon.LadderBattleCrawlerTest] StartupInfoLogger.java:61 - Started LadderBattleCrawlerTest in 6.292 seconds (JVM running for 8.745)
2020-10-24 01:41:59,073 [main] INFO  [com.mimosa.deeppokemon.LadderBattleCrawlerTest] LadderBattleCrawlerTest.java:87 - craw start: format:gen8ou pageLimit:1 rankLimit:1 eloLimit:1600 gxeLimit:60.000000 dateLimit:2020-09-24
2020-10-24 01:42:00,736 [main] INFO  [com.mimosa.deeppokemon.service.PlayerService] PlayerService.java:30 - save players:Guccisaurus
2020-10-24 01:42:00,976 [main] INFO  [org.mongodb.driver.connection] SLF4JLogger.java:71 - Opened connection [connectionId{localValue:2, serverValue:4}] to localhost:27017
2020-10-24 01:42:25,824 [main] INFO  [com.mimosa.deeppokemon.service.BattleService] BattleService.java:35 - save battles:gen8ou-1208042401
2020-10-24 01:42:26,162 [SpringContextShutdownHook] INFO  [o.s.scheduling.concurrent.ThreadPoolTaskScheduler] ExecutorConfigurationSupport.java:218 - Shutting down ExecutorService 'taskScheduler'
2020-10-24 01:42:26,165 [SpringContextShutdownHook] INFO  [o.s.scheduling.concurrent.ThreadPoolTaskExecutor] ExecutorConfigurationSupport.java:218 - Shutting down ExecutorService 'applicationTaskExecutor'
2020-10-24 01:42:26,169 [SpringContextShutdownHook] INFO  [org.mongodb.driver.connection] SLF4JLogger.java:71 - Closed connection [connectionId{localValue:2, serverValue:4}] to localhost:27017 because the pool has been closed.
