2020-10-08 14:23:38,532 [main] INFO  [com.mimosa.pokemon.portal.PokemonPortalApplication] StartupInfoLogger.java:55 - Starting PokemonPortalApplication on Yao-PC with PID 4428 (E:\java\study\deep-pokemon\pokemon-portal\target\classes started by Yao in E:\java\study\deep-pokemon)
2020-10-08 14:23:38,541 [main] INFO  [com.mimosa.pokemon.portal.PokemonPortalApplication] SpringApplication.java:651 - No active profile set, falling back to default profiles: default
2020-10-08 14:23:42,138 [main] INFO  [o.s.d.r.config.RepositoryConfigurationDelegate] RepositoryConfigurationDelegate.java:127 - Bootstrapping Spring Data MongoDB repositories in DEFAULT mode.
2020-10-08 14:23:42,232 [main] INFO  [o.s.d.r.config.RepositoryConfigurationDelegate] RepositoryConfigurationDelegate.java:187 - Finished Spring Data repository scanning in 61ms. Found 0 MongoDB repository interfaces.
2020-10-08 14:23:43,650 [main] WARN  [org.apache.catalina.core.AprLifecycleListener] DirectJDKLog.java:175 - The APR based Apache Tomcat Native library failed to load. The error reported was [E:\apache-tomcat-7.0.100\bin\tcnative-1.dll: Can't load AMD 64-bit .dll on a IA 32-bit platform]
java.lang.UnsatisfiedLinkError: E:\apache-tomcat-7.0.100\bin\tcnative-1.dll: Can't load AMD 64-bit .dll on a IA 32-bit platform
	at java.lang.ClassLoader$NativeLibrary.load(Native Method)
	at java.lang.ClassLoader.loadLibrary0(ClassLoader.java:1941)
	at java.lang.ClassLoader.loadLibrary(ClassLoader.java:1857)
	at java.lang.Runtime.loadLibrary0(Runtime.java:870)
	at java.lang.System.loadLibrary(System.java:1122)
	at org.apache.tomcat.jni.Library.<init>(Library.java:69)
	at org.apache.tomcat.jni.Library.initialize(Library.java:206)
	at org.apache.catalina.core.AprLifecycleListener.init(AprLifecycleListener.java:198)
	at org.apache.catalina.core.AprLifecycleListener.isAprAvailable(AprLifecycleListener.java:107)
	at org.springframework.boot.web.embedded.tomcat.TomcatServletWebServerFactory.getDefaultLifecycleListeners(TomcatServletWebServerFactory.java:168)
	at org.springframework.boot.web.embedded.tomcat.TomcatServletWebServerFactory.<init>(TomcatServletWebServerFactory.java:119)
	at org.springframework.boot.autoconfigure.web.servlet.ServletWebServerFactoryConfiguration$EmbeddedTomcat.tomcatServletWebServerFactory(ServletWebServerFactoryConfiguration.java:75)
	at sun.reflect.NativeMethodAccessorImpl.invoke0(Native Method)
	at sun.reflect.NativeMethodAccessorImpl.invoke(NativeMethodAccessorImpl.java:62)
	at sun.reflect.DelegatingMethodAccessorImpl.invoke(DelegatingMethodAccessorImpl.java:43)
	at java.lang.reflect.Method.invoke(Method.java:498)
	at org.springframework.beans.factory.support.SimpleInstantiationStrategy.instantiate(SimpleInstantiationStrategy.java:154)
	at org.springframework.beans.factory.support.ConstructorResolver.instantiate(ConstructorResolver.java:651)
	at org.springframework.beans.factory.support.ConstructorResolver.instantiateUsingFactoryMethod(ConstructorResolver.java:636)
	at org.springframework.beans.factory.support.AbstractAutowireCapableBeanFactory.instantiateUsingFactoryMethod(AbstractAutowireCapableBeanFactory.java:1338)
	at org.springframework.beans.factory.support.AbstractAutowireCapableBeanFactory.createBeanInstance(AbstractAutowireCapableBeanFactory.java:1177)
	at org.springframework.beans.factory.support.AbstractAutowireCapableBeanFactory.doCreateBean(AbstractAutowireCapableBeanFactory.java:557)
	at org.springframework.beans.factory.support.AbstractAutowireCapableBeanFactory.createBean(AbstractAutowireCapableBeanFactory.java:517)
	at org.springframework.beans.factory.support.AbstractBeanFactory.lambda$doGetBean$0(AbstractBeanFactory.java:323)
	at org.springframework.beans.factory.support.DefaultSingletonBeanRegistry.getSingleton(DefaultSingletonBeanRegistry.java:226)
	at org.springframework.beans.factory.support.AbstractBeanFactory.doGetBean(AbstractBeanFactory.java:321)
	at org.springframework.beans.factory.support.AbstractBeanFactory.getBean(AbstractBeanFactory.java:207)
	at org.springframework.boot.web.servlet.context.ServletWebServerApplicationContext.getWebServerFactory(ServletWebServerApplicationContext.java:210)
	at org.springframework.boot.web.servlet.context.ServletWebServerApplicationContext.createWebServer(ServletWebServerApplicationContext.java:179)
	at org.springframework.boot.web.servlet.context.ServletWebServerApplicationContext.onRefresh(ServletWebServerApplicationContext.java:153)
	at org.springframework.context.support.AbstractApplicationContext.refresh(AbstractApplicationContext.java:544)
	at org.springframework.boot.web.servlet.context.ServletWebServerApplicationContext.refresh(ServletWebServerApplicationContext.java:141)
	at org.springframework.boot.SpringApplication.refresh(SpringApplication.java:747)
	at org.springframework.boot.SpringApplication.refreshContext(SpringApplication.java:397)
	at org.springframework.boot.SpringApplication.run(SpringApplication.java:315)
	at org.springframework.boot.SpringApplication.run(SpringApplication.java:1226)
	at org.springframework.boot.SpringApplication.run(SpringApplication.java:1215)
	at com.mimosa.pokemon.portal.PokemonPortalApplication.main(PokemonPortalApplication.java:14)
2020-10-08 14:23:44,930 [main] INFO  [o.s.boot.web.embedded.tomcat.TomcatWebServer] TomcatWebServer.java:91 - Tomcat initialized with port(s): 8080 (http)
2020-10-08 14:23:44,971 [main] INFO  [org.apache.catalina.core.StandardService] DirectJDKLog.java:173 - Starting service [Tomcat]
2020-10-08 14:23:44,971 [main] INFO  [org.apache.catalina.core.StandardEngine] DirectJDKLog.java:173 - Starting Servlet engine: [Apache Tomcat/9.0.34]
2020-10-08 14:23:45,401 [main] INFO  [o.a.c.core.ContainerBase.[Tomcat].[localhost].[/]] DirectJDKLog.java:173 - Initializing Spring embedded WebApplicationContext
2020-10-08 14:23:45,402 [main] INFO  [org.springframework.web.context.ContextLoader] ServletWebServerApplicationContext.java:284 - Root WebApplicationContext: initialization completed in 6375 ms
2020-10-08 14:23:47,472 [main] INFO  [org.mongodb.driver.cluster] SLF4JLogger.java:71 - Cluster created with settings {hosts=[localhost:27017], mode=SINGLE, requiredClusterType=UNKNOWN, serverSelectionTimeout='30000 ms', maxWaitQueueSize=500}
2020-10-08 14:23:48,064 [cluster-ClusterId{value='5f7eb073361da45b255ff8be', description='null'}-localhost:27017] INFO  [org.mongodb.driver.connection] SLF4JLogger.java:71 - Opened connection [connectionId{localValue:1, serverValue:1}] to localhost:27017
2020-10-08 14:23:48,075 [cluster-ClusterId{value='5f7eb073361da45b255ff8be', description='null'}-localhost:27017] INFO  [org.mongodb.driver.cluster] SLF4JLogger.java:71 - Monitor thread successfully connected to server with description ServerDescription{address=localhost:27017, type=STANDALONE, state=CONNECTED, ok=true, version=ServerVersion{versionList=[4, 2, 5]}, minWireVersion=0, maxWireVersion=8, maxDocumentSize=16777216, logicalSessionTimeoutMinutes=30, roundTripTimeNanos=6937745}
2020-10-08 14:23:49,605 [main] INFO  [o.s.scheduling.concurrent.ThreadPoolTaskExecutor] ExecutorConfigurationSupport.java:181 - Initializing ExecutorService 'applicationTaskExecutor'
2020-10-08 14:23:50,562 [main] INFO  [o.s.boot.web.embedded.tomcat.TomcatWebServer] TomcatWebServer.java:203 - Tomcat started on port(s): 8080 (http) with context path ''
2020-10-08 14:23:50,568 [main] INFO  [com.mimosa.pokemon.portal.PokemonPortalApplication] StartupInfoLogger.java:61 - Started PokemonPortalApplication in 13.83 seconds (JVM running for 19.525)
2020-10-08 14:25:39,642 [http-nio-8080-exec-1] INFO  [o.a.c.core.ContainerBase.[Tomcat].[localhost].[/]] DirectJDKLog.java:173 - Initializing Spring DispatcherServlet 'dispatcherServlet'
2020-10-08 14:25:39,643 [http-nio-8080-exec-1] INFO  [org.springframework.web.servlet.DispatcherServlet] FrameworkServlet.java:525 - Initializing Servlet 'dispatcherServlet'
2020-10-08 14:25:39,694 [http-nio-8080-exec-1] INFO  [org.springframework.web.servlet.DispatcherServlet] FrameworkServlet.java:547 - Completed initialization in 50 ms
2020-10-08 14:25:41,150 [http-nio-8080-exec-2] INFO  [org.mongodb.driver.connection] SLF4JLogger.java:71 - Opened connection [connectionId{localValue:2, serverValue:2}] to localhost:27017
2020-10-08 14:38:19,777 [SpringContextShutdownHook] INFO  [o.s.scheduling.concurrent.ThreadPoolTaskExecutor] ExecutorConfigurationSupport.java:218 - Shutting down ExecutorService 'applicationTaskExecutor'
2020-10-08 14:38:19,781 [SpringContextShutdownHook] INFO  [org.mongodb.driver.connection] SLF4JLogger.java:71 - Closed connection [connectionId{localValue:2, serverValue:2}] to localhost:27017 because the pool has been closed.
