2020-07-14 18:45:39,455 [main] INFO  [com.mimosa.pokemon.portal.PokemonPortalApplication] StartupInfoLogger.java:55 - Starting PokemonPortalApplication on Yao-PC with PID 8728 (E:\java\study\deep-pokemon\pokemon-portal\target\classes started by Yao in E:\java\study\deep-pokemon)
2020-07-14 18:45:39,463 [main] INFO  [com.mimosa.pokemon.portal.PokemonPortalApplication] SpringApplication.java:651 - No active profile set, falling back to default profiles: default
2020-07-14 18:45:42,688 [main] INFO  [o.s.d.r.config.RepositoryConfigurationDelegate] RepositoryConfigurationDelegate.java:127 - Bootstrapping Spring Data MongoDB repositories in DEFAULT mode.
2020-07-14 18:45:42,786 [main] INFO  [o.s.d.r.config.RepositoryConfigurationDelegate] RepositoryConfigurationDelegate.java:187 - Finished Spring Data repository scanning in 72ms. Found 0 MongoDB repository interfaces.
2020-07-14 18:45:44,029 [main] WARN  [org.apache.catalina.core.AprLifecycleListener] DirectJDKLog.java:175 - The APR based Apache Tomcat Native library failed to load. The error reported was [E:\apache-tomcat-7.0.100\bin\tcnative-1.dll: Can't load AMD 64-bit .dll on a IA 32-bit platform]
java.lang.UnsatisfiedLinkError: E:\apache-tomcat-7.0.100\bin\tcnative-1.dll: Can't load AMD 64-bit .dll on a IA 32-bit platform
	at java.lang.ClassLoader$NativeLibrary.load(Native Method)
	at java.lang.ClassLoader.loadLibrary0(ClassLoader.java:1941)
	at java.lang.ClassLoader.loadLibrary(ClassLoader.java:1857)
	at java.lang.Runtime.loadLibrary0(Runtime.java:870)
	at java.lang.System.loadLibrary(System.java:1122)
	at org.apache.tomcat.jni.Library.<init>(Library.java:69)
	at org.apache.tomcat.jni.Library.initialize(Library.java:206)
	at org.apache.catalina.core.AprLifecycleListener.init(AprLifecycleListener.java:198)
	at org.apache.catalina.core.AprLifecycleListener.isAprAvailable(AprLifecycleListener.java:107)
	at org.springframework.boot.web.embedded.tomcat.TomcatServletWebServerFactory.getDefaultLifecycleListeners(TomcatServletWebServerFactory.java:168)
	at org.springframework.boot.web.embedded.tomcat.TomcatServletWebServerFactory.<init>(TomcatServletWebServerFactory.java:119)
	at org.springframework.boot.autoconfigure.web.servlet.ServletWebServerFactoryConfiguration$EmbeddedTomcat.tomcatServletWebServerFactory(ServletWebServerFactoryConfiguration.java:75)
	at sun.reflect.NativeMethodAccessorImpl.invoke0(Native Method)
	at sun.reflect.NativeMethodAccessorImpl.invoke(NativeMethodAccessorImpl.java:62)
	at sun.reflect.DelegatingMethodAccessorImpl.invoke(DelegatingMethodAccessorImpl.java:43)
	at java.lang.reflect.Method.invoke(Method.java:498)
	at org.springframework.beans.factory.support.SimpleInstantiationStrategy.instantiate(SimpleInstantiationStrategy.java:154)
	at org.springframework.beans.factory.support.ConstructorResolver.instantiate(ConstructorResolver.java:651)
	at org.springframework.beans.factory.support.ConstructorResolver.instantiateUsingFactoryMethod(ConstructorResolver.java:636)
	at org.springframework.beans.factory.support.AbstractAutowireCapableBeanFactory.instantiateUsingFactoryMethod(AbstractAutowireCapableBeanFactory.java:1338)
	at org.springframework.beans.factory.support.AbstractAutowireCapableBeanFactory.createBeanInstance(AbstractAutowireCapableBeanFactory.java:1177)
	at org.springframework.beans.factory.support.AbstractAutowireCapableBeanFactory.doCreateBean(AbstractAutowireCapableBeanFactory.java:557)
	at org.springframework.beans.factory.support.AbstractAutowireCapableBeanFactory.createBean(AbstractAutowireCapableBeanFactory.java:517)
	at org.springframework.beans.factory.support.AbstractBeanFactory.lambda$doGetBean$0(AbstractBeanFactory.java:323)
	at org.springframework.beans.factory.support.DefaultSingletonBeanRegistry.getSingleton(DefaultSingletonBeanRegistry.java:226)
	at org.springframework.beans.factory.support.AbstractBeanFactory.doGetBean(AbstractBeanFactory.java:321)
	at org.springframework.beans.factory.support.AbstractBeanFactory.getBean(AbstractBeanFactory.java:207)
	at org.springframework.boot.web.servlet.context.ServletWebServerApplicationContext.getWebServerFactory(ServletWebServerApplicationContext.java:210)
	at org.springframework.boot.web.servlet.context.ServletWebServerApplicationContext.createWebServer(ServletWebServerApplicationContext.java:179)
	at org.springframework.boot.web.servlet.context.ServletWebServerApplicationContext.onRefresh(ServletWebServerApplicationContext.java:153)
	at org.springframework.context.support.AbstractApplicationContext.refresh(AbstractApplicationContext.java:544)
	at org.springframework.boot.web.servlet.context.ServletWebServerApplicationContext.refresh(ServletWebServerApplicationContext.java:141)
	at org.springframework.boot.SpringApplication.refresh(SpringApplication.java:747)
	at org.springframework.boot.SpringApplication.refreshContext(SpringApplication.java:397)
	at org.springframework.boot.SpringApplication.run(SpringApplication.java:315)
	at org.springframework.boot.SpringApplication.run(SpringApplication.java:1226)
	at org.springframework.boot.SpringApplication.run(SpringApplication.java:1215)
	at com.mimosa.pokemon.portal.PokemonPortalApplication.main(PokemonPortalApplication.java:14)
2020-07-14 18:45:45,155 [main] INFO  [o.s.boot.web.embedded.tomcat.TomcatWebServer] TomcatWebServer.java:91 - Tomcat initialized with port(s): 8080 (http)
2020-07-14 18:45:45,192 [main] INFO  [org.apache.catalina.core.StandardService] DirectJDKLog.java:173 - Starting service [Tomcat]
2020-07-14 18:45:45,192 [main] INFO  [org.apache.catalina.core.StandardEngine] DirectJDKLog.java:173 - Starting Servlet engine: [Apache Tomcat/9.0.34]
2020-07-14 18:45:45,818 [main] INFO  [o.a.c.core.ContainerBase.[Tomcat].[localhost].[/]] DirectJDKLog.java:173 - Initializing Spring embedded WebApplicationContext
2020-07-14 18:45:45,818 [main] INFO  [org.springframework.web.context.ContextLoader] ServletWebServerApplicationContext.java:284 - Root WebApplicationContext: initialization completed in 5894 ms
2020-07-14 18:45:47,737 [main] INFO  [org.mongodb.driver.cluster] SLF4JLogger.java:71 - Cluster created with settings {hosts=[localhost:27017], mode=SINGLE, requiredClusterType=UNKNOWN, serverSelectionTimeout='30000 ms', maxWaitQueueSize=500}
2020-07-14 18:45:48,165 [cluster-ClusterId{value='5f0d8cdb8fd3c600a54f364b', description='null'}-localhost:27017] INFO  [org.mongodb.driver.connection] SLF4JLogger.java:71 - Opened connection [connectionId{localValue:1, serverValue:1}] to localhost:27017
2020-07-14 18:45:48,178 [cluster-ClusterId{value='5f0d8cdb8fd3c600a54f364b', description='null'}-localhost:27017] INFO  [org.mongodb.driver.cluster] SLF4JLogger.java:71 - Monitor thread successfully connected to server with description ServerDescription{address=localhost:27017, type=STANDALONE, state=CONNECTED, ok=true, version=ServerVersion{versionList=[4, 2, 5]}, minWireVersion=0, maxWireVersion=8, maxDocumentSize=16777216, logicalSessionTimeoutMinutes=30, roundTripTimeNanos=8107346}
2020-07-14 18:45:50,167 [main] INFO  [o.s.scheduling.concurrent.ThreadPoolTaskExecutor] ExecutorConfigurationSupport.java:181 - Initializing ExecutorService 'applicationTaskExecutor'
2020-07-14 18:45:51,151 [main] INFO  [o.s.boot.web.embedded.tomcat.TomcatWebServer] TomcatWebServer.java:203 - Tomcat started on port(s): 8080 (http) with context path ''
2020-07-14 18:45:51,156 [main] INFO  [com.mimosa.pokemon.portal.PokemonPortalApplication] StartupInfoLogger.java:61 - Started PokemonPortalApplication in 15.1 seconds (JVM running for 23.042)
2020-07-14 18:46:00,928 [http-nio-8080-exec-1] INFO  [o.a.c.core.ContainerBase.[Tomcat].[localhost].[/]] DirectJDKLog.java:173 - Initializing Spring DispatcherServlet 'dispatcherServlet'
2020-07-14 18:46:00,929 [http-nio-8080-exec-1] INFO  [org.springframework.web.servlet.DispatcherServlet] FrameworkServlet.java:525 - Initializing Servlet 'dispatcherServlet'
2020-07-14 18:46:01,120 [http-nio-8080-exec-1] INFO  [org.springframework.web.servlet.DispatcherServlet] FrameworkServlet.java:547 - Completed initialization in 191 ms
2020-07-14 18:46:03,721 [http-nio-8080-exec-1] INFO  [org.mongodb.driver.connection] SLF4JLogger.java:71 - Opened connection [connectionId{localValue:2, serverValue:2}] to localhost:27017
2020-07-14 19:23:39,015 [main] INFO  [com.mimosa.deeppokemon.PokemoCrawlerApplication] StartupInfoLogger.java:55 - Starting PokemoCrawlerApplication on Yao-PC with PID 8980 (E:\java\study\deep-pokemon\pokemon-crawler\target\classes started by Yao in E:\java\study\deep-pokemon)
2020-07-14 19:23:39,023 [main] INFO  [com.mimosa.deeppokemon.PokemoCrawlerApplication] SpringApplication.java:651 - No active profile set, falling back to default profiles: default
2020-07-14 19:23:40,243 [main] INFO  [o.s.d.r.config.RepositoryConfigurationDelegate] RepositoryConfigurationDelegate.java:127 - Bootstrapping Spring Data MongoDB repositories in DEFAULT mode.
2020-07-14 19:23:40,276 [main] INFO  [o.s.d.r.config.RepositoryConfigurationDelegate] RepositoryConfigurationDelegate.java:187 - Finished Spring Data repository scanning in 24ms. Found 0 MongoDB repository interfaces.
2020-07-14 19:23:40,715 [main] WARN  [org.apache.catalina.core.AprLifecycleListener] DirectJDKLog.java:175 - The APR based Apache Tomcat Native library failed to load. The error reported was [E:\apache-tomcat-7.0.100\bin\tcnative-1.dll: Can't load AMD 64-bit .dll on a IA 32-bit platform]
java.lang.UnsatisfiedLinkError: E:\apache-tomcat-7.0.100\bin\tcnative-1.dll: Can't load AMD 64-bit .dll on a IA 32-bit platform
	at java.lang.ClassLoader$NativeLibrary.load(Native Method)
	at java.lang.ClassLoader.loadLibrary0(ClassLoader.java:1941)
	at java.lang.ClassLoader.loadLibrary(ClassLoader.java:1857)
	at java.lang.Runtime.loadLibrary0(Runtime.java:870)
	at java.lang.System.loadLibrary(System.java:1122)
	at org.apache.tomcat.jni.Library.<init>(Library.java:69)
	at org.apache.tomcat.jni.Library.initialize(Library.java:206)
	at org.apache.catalina.core.AprLifecycleListener.init(AprLifecycleListener.java:198)
	at org.apache.catalina.core.AprLifecycleListener.isAprAvailable(AprLifecycleListener.java:107)
	at org.springframework.boot.web.embedded.tomcat.TomcatServletWebServerFactory.getDefaultLifecycleListeners(TomcatServletWebServerFactory.java:168)
	at org.springframework.boot.web.embedded.tomcat.TomcatServletWebServerFactory.<init>(TomcatServletWebServerFactory.java:119)
	at org.springframework.boot.autoconfigure.web.servlet.ServletWebServerFactoryConfiguration$EmbeddedTomcat.tomcatServletWebServerFactory(ServletWebServerFactoryConfiguration.java:75)
	at sun.reflect.NativeMethodAccessorImpl.invoke0(Native Method)
	at sun.reflect.NativeMethodAccessorImpl.invoke(NativeMethodAccessorImpl.java:62)
	at sun.reflect.DelegatingMethodAccessorImpl.invoke(DelegatingMethodAccessorImpl.java:43)
	at java.lang.reflect.Method.invoke(Method.java:498)
	at org.springframework.beans.factory.support.SimpleInstantiationStrategy.instantiate(SimpleInstantiationStrategy.java:154)
	at org.springframework.beans.factory.support.ConstructorResolver.instantiate(ConstructorResolver.java:651)
	at org.springframework.beans.factory.support.ConstructorResolver.instantiateUsingFactoryMethod(ConstructorResolver.java:636)
	at org.springframework.beans.factory.support.AbstractAutowireCapableBeanFactory.instantiateUsingFactoryMethod(AbstractAutowireCapableBeanFactory.java:1338)
	at org.springframework.beans.factory.support.AbstractAutowireCapableBeanFactory.createBeanInstance(AbstractAutowireCapableBeanFactory.java:1177)
	at org.springframework.beans.factory.support.AbstractAutowireCapableBeanFactory.doCreateBean(AbstractAutowireCapableBeanFactory.java:557)
	at org.springframework.beans.factory.support.AbstractAutowireCapableBeanFactory.createBean(AbstractAutowireCapableBeanFactory.java:517)
	at org.springframework.beans.factory.support.AbstractBeanFactory.lambda$doGetBean$0(AbstractBeanFactory.java:323)
	at org.springframework.beans.factory.support.DefaultSingletonBeanRegistry.getSingleton(DefaultSingletonBeanRegistry.java:226)
	at org.springframework.beans.factory.support.AbstractBeanFactory.doGetBean(AbstractBeanFactory.java:321)
	at org.springframework.beans.factory.support.AbstractBeanFactory.getBean(AbstractBeanFactory.java:207)
	at org.springframework.boot.web.servlet.context.ServletWebServerApplicationContext.getWebServerFactory(ServletWebServerApplicationContext.java:210)
	at org.springframework.boot.web.servlet.context.ServletWebServerApplicationContext.createWebServer(ServletWebServerApplicationContext.java:179)
	at org.springframework.boot.web.servlet.context.ServletWebServerApplicationContext.onRefresh(ServletWebServerApplicationContext.java:153)
	at org.springframework.context.support.AbstractApplicationContext.refresh(AbstractApplicationContext.java:544)
	at org.springframework.boot.web.servlet.context.ServletWebServerApplicationContext.refresh(ServletWebServerApplicationContext.java:141)
	at org.springframework.boot.SpringApplication.refresh(SpringApplication.java:747)
	at org.springframework.boot.SpringApplication.refreshContext(SpringApplication.java:397)
	at org.springframework.boot.SpringApplication.run(SpringApplication.java:315)
	at org.springframework.boot.SpringApplication.run(SpringApplication.java:1226)
	at org.springframework.boot.SpringApplication.run(SpringApplication.java:1215)
	at com.mimosa.deeppokemon.PokemoCrawlerApplication.main(PokemoCrawlerApplication.java:23)
2020-07-14 19:23:41,130 [main] INFO  [o.s.boot.web.embedded.tomcat.TomcatWebServer] TomcatWebServer.java:91 - Tomcat initialized with port(s): 8081 (http)
2020-07-14 19:23:41,146 [main] INFO  [org.apache.catalina.core.StandardService] DirectJDKLog.java:173 - Starting service [Tomcat]
2020-07-14 19:23:41,147 [main] INFO  [org.apache.catalina.core.StandardEngine] DirectJDKLog.java:173 - Starting Servlet engine: [Apache Tomcat/9.0.34]
2020-07-14 19:23:41,373 [main] INFO  [o.a.c.core.ContainerBase.[Tomcat].[localhost].[/]] DirectJDKLog.java:173 - Initializing Spring embedded WebApplicationContext
2020-07-14 19:23:41,374 [main] INFO  [org.springframework.web.context.ContextLoader] ServletWebServerApplicationContext.java:284 - Root WebApplicationContext: initialization completed in 2236 ms
2020-07-14 19:23:42,133 [main] INFO  [org.mongodb.driver.cluster] SLF4JLogger.java:71 - Cluster created with settings {hosts=[localhost:27017], mode=MULTIPLE, requiredClusterType=UNKNOWN, serverSelectionTimeout='30000 ms', maxWaitQueueSize=500}
2020-07-14 19:23:42,134 [main] INFO  [org.mongodb.driver.cluster] SLF4JLogger.java:71 - Adding discovered server localhost:27017 to client view of cluster
2020-07-14 19:23:42,270 [cluster-ClusterId{value='5f0d95be83ac4c6abd50d0de', description='null'}-localhost:27017] INFO  [org.mongodb.driver.connection] SLF4JLogger.java:71 - Opened connection [connectionId{localValue:1, serverValue:3}] to localhost:27017
2020-07-14 19:23:42,283 [cluster-ClusterId{value='5f0d95be83ac4c6abd50d0de', description='null'}-localhost:27017] INFO  [org.mongodb.driver.cluster] SLF4JLogger.java:71 - Monitor thread successfully connected to server with description ServerDescription{address=localhost:27017, type=STANDALONE, state=CONNECTED, ok=true, version=ServerVersion{versionList=[4, 2, 5]}, minWireVersion=0, maxWireVersion=8, maxDocumentSize=16777216, logicalSessionTimeoutMinutes=30, roundTripTimeNanos=10279539}
2020-07-14 19:23:42,286 [cluster-ClusterId{value='5f0d95be83ac4c6abd50d0de', description='null'}-localhost:27017] INFO  [org.mongodb.driver.cluster] SLF4JLogger.java:71 - Discovered cluster type of STANDALONE
2020-07-14 19:23:42,990 [main] INFO  [o.s.scheduling.concurrent.ThreadPoolTaskExecutor] ExecutorConfigurationSupport.java:181 - Initializing ExecutorService 'applicationTaskExecutor'
2020-07-14 19:23:43,179 [main] INFO  [o.s.scheduling.concurrent.ThreadPoolTaskScheduler] ExecutorConfigurationSupport.java:181 - Initializing ExecutorService 'taskScheduler'
2020-07-14 19:23:43,292 [main] INFO  [o.s.boot.web.embedded.tomcat.TomcatWebServer] TomcatWebServer.java:203 - Tomcat started on port(s): 8081 (http) with context path ''
2020-07-14 19:23:43,297 [main] INFO  [com.mimosa.deeppokemon.PokemoCrawlerApplication] StartupInfoLogger.java:61 - Started PokemoCrawlerApplication in 5.402 seconds (JVM running for 7.303)
2020-07-14 19:23:43,334 [main] INFO  [com.mimosa.deeppokemon.config.ScheduledConfig] MyCommandLineRunner.java:32 - craw start: format:gen8ou pageLimit:1 rankLimit:50 eloLimit:1600 gxeLimit:60.000000 dateLimit:2020-06-14
2020-07-14 19:23:45,433 [main] INFO  [com.mimosa.deeppokemon.service.PlayerService] PlayerService.java:30 - save players:Storm Zone
2020-07-14 19:23:45,694 [main] INFO  [org.mongodb.driver.connection] SLF4JLogger.java:71 - Opened connection [connectionId{localValue:2, serverValue:4}] to localhost:27017
